Using pre-set license
Built from '2022.3/staging' branch; Version is '2022.3.11f1 (d00248457e15) revision 13632072'; Using compiler version '192829333'; Build Type 'Release'
OS: 'Windows 10  (10.0.19045) 64bit Professional' Language: 'cs' Physical Memory: 16313 MB
BatchMode: 1, IsHumanControllingUs: 0, StartBugReporterOnCrash: 0, Is64bit: 1, IsPro: 1

COMMAND LINE ARGUMENTS:
C:\Program Files\Unity\Hub\Editor\2022.3.11f1\Editor\Unity.exe
-adb2
-batchMode
-noUpm
-name
AssetImportWorker0
-projectPath
D:/Fanda/ostatni/skola/_Bakalarka/Unity/Testing
-logFile
Logs/AssetImportWorker0.log
-srvPort
55503
Successfully changed project path to: D:/Fanda/ostatni/skola/_Bakalarka/Unity/Testing
D:/Fanda/ostatni/skola/_Bakalarka/Unity/Testing
[UnityMemory] Configuration Parameters - Can be set up in boot.config
    "memorysetup-bucket-allocator-granularity=16"
    "memorysetup-bucket-allocator-bucket-count=8"
    "memorysetup-bucket-allocator-block-size=33554432"
    "memorysetup-bucket-allocator-block-count=8"
    "memorysetup-main-allocator-block-size=16777216"
    "memorysetup-thread-allocator-block-size=16777216"
    "memorysetup-gfx-main-allocator-block-size=16777216"
    "memorysetup-gfx-thread-allocator-block-size=16777216"
    "memorysetup-cache-allocator-block-size=4194304"
    "memorysetup-typetree-allocator-block-size=2097152"
    "memorysetup-profiler-bucket-allocator-granularity=16"
    "memorysetup-profiler-bucket-allocator-bucket-count=8"
    "memorysetup-profiler-bucket-allocator-block-size=33554432"
    "memorysetup-profiler-bucket-allocator-block-count=8"
    "memorysetup-profiler-allocator-block-size=16777216"
    "memorysetup-profiler-editor-allocator-block-size=1048576"
    "memorysetup-temp-allocator-size-main=16777216"
    "memorysetup-job-temp-allocator-block-size=2097152"
    "memorysetup-job-temp-allocator-block-size-background=1048576"
    "memorysetup-job-temp-allocator-reduction-small-platforms=262144"
    "memorysetup-allocator-temp-initial-block-size-main=262144"
    "memorysetup-allocator-temp-initial-block-size-worker=262144"
    "memorysetup-temp-allocator-size-background-worker=32768"
    "memorysetup-temp-allocator-size-job-worker=262144"
    "memorysetup-temp-allocator-size-preload-manager=33554432"
    "memorysetup-temp-allocator-size-nav-mesh-worker=65536"
    "memorysetup-temp-allocator-size-audio-worker=65536"
    "memorysetup-temp-allocator-size-cloud-worker=32768"
    "memorysetup-temp-allocator-size-gi-baking-worker=262144"
    "memorysetup-temp-allocator-size-gfx=262144"
Player connection [23868] Host "[IP] 10.0.1.36 [Port] 0 [Flags] 2 [Guid] 2236699507 [EditorId] 2236699507 [Version] 1048832 [Id] WindowsEditor(7,Excalibur) [Debug] 1 [PackageName] WindowsEditor [ProjectName] Editor" joined multi-casting on [225.0.0.222:54997]...

Player connection [23868] Host "[IP] 10.0.1.36 [Port] 0 [Flags] 2 [Guid] 2236699507 [EditorId] 2236699507 [Version] 1048832 [Id] WindowsEditor(7,Excalibur) [Debug] 1 [PackageName] WindowsEditor [ProjectName] Editor" joined alternative multi-casting on [225.0.0.222:34997]...

[Physics::Module] Initialized MultithreadedJobDispatcher with 11 workers.
Refreshing native plugins compatible for Editor in 4955.10 ms, found 12 plugins.
Preloading 1 native plugins for Editor in 132.27 ms.
Initialize engine version: 2022.3.11f1 (d00248457e15)
[Subsystems] Discovering subsystems at path C:/Program Files/Unity/Hub/Editor/2022.3.11f1/Editor/Data/Resources/UnitySubsystems
[Subsystems] Discovering subsystems at path D:/Fanda/ostatni/skola/_Bakalarka/Unity/Testing/Assets
GfxDevice: creating device client; threaded=0; jobified=0
Direct3D:
    Version:  Direct3D 11.0 [level 11.1]
    Renderer: NVIDIA GeForce RTX 2060 (ID=0x1f08)
    Vendor:   NVIDIA
    VRAM:     5968 MB
    Driver:   31.0.15.3758
Initialize mono
Mono path[0] = 'C:/Program Files/Unity/Hub/Editor/2022.3.11f1/Editor/Data/Managed'
Mono path[1] = 'C:/Program Files/Unity/Hub/Editor/2022.3.11f1/Editor/Data/MonoBleedingEdge/lib/mono/unityjit-win32'
Mono config path = 'C:/Program Files/Unity/Hub/Editor/2022.3.11f1/Editor/Data/MonoBleedingEdge/etc'
Using monoOptions --debugger-agent=transport=dt_socket,embedding=1,server=y,suspend=n,address=127.0.0.1:56580
Begin MonoManager ReloadAssembly
Registering precompiled unity dll's ...
Register platform support module: C:/Program Files/Unity/Hub/Editor/2022.3.11f1/Editor/Data/PlaybackEngines/AndroidPlayer/UnityEditor.Android.Extensions.dll
Register platform support module: C:/Program Files/Unity/Hub/Editor/2022.3.11f1/Editor/Data/PlaybackEngines/WindowsStandaloneSupport/UnityEditor.WindowsStandalone.Extensions.dll
Register platform support module: C:/Program Files/Unity/Hub/Editor/2022.3.11f1/Editor/Data/PlaybackEngines/MetroSupport/UnityEditor.UWP.Extensions.dll
Registered in 0.041261 seconds.
- Loaded All Assemblies, in  0.765 seconds
Native extension for UWP target not found
Native extension for WindowsStandalone target not found
Native extension for Android target not found
Android Extension - Scanning For ADB Devices 5964 ms
Mono: successfully reloaded assembly
- Finished resetting the current domain, in  7.308 seconds
Domain Reload Profiling: 8068ms
	BeginReloadAssembly (302ms)
		ExecutionOrderSort (0ms)
		DisableScriptedObjects (0ms)
		BackupInstance (0ms)
		ReleaseScriptingObjects (0ms)
		CreateAndSetChildDomain (2ms)
	RebuildCommonClasses (55ms)
	RebuildNativeTypeToScriptingClass (12ms)
	initialDomainReloadingComplete (133ms)
	LoadAllAssembliesAndSetupDomain (256ms)
		LoadAssemblies (275ms)
		RebuildTransferFunctionScriptingTraits (0ms)
		AnalyzeDomain (252ms)
			TypeCache.Refresh (227ms)
				TypeCache.ScanAssembly (204ms)
			ScanForSourceGeneratedMonoScriptInfo (0ms)
			ResolveRequiredComponents (23ms)
	FinalizeReload (7309ms)
		ReleaseScriptCaches (0ms)
		RebuildScriptCaches (0ms)
		SetupLoadedEditorAssemblies (7185ms)
			LogAssemblyErrors (0ms)
			InitializePlatformSupportModulesInManaged (6616ms)
			SetLoadedEditorAssemblies (20ms)
			RefreshPlugins (0ms)
			BeforeProcessingInitializeOnLoad (16ms)
			ProcessInitializeOnLoadAttributes (456ms)
			ProcessInitializeOnLoadMethodAttributes (77ms)
			AfterProcessingInitializeOnLoad (0ms)
			EditorAssembliesLoaded (0ms)
		ExecutionOrderSort2 (0ms)
		AwakeInstancesAfterBackupRestoration (0ms)
========================================================================
Worker process is ready to serve import requests
Begin MonoManager ReloadAssembly
- Loaded All Assemblies, in  3.557 seconds
Refreshing native plugins compatible for Editor in 234.57 ms, found 12 plugins.
Native extension for UWP target not found
Native extension for WindowsStandalone target not found
Native extension for Android target not found
Package Manager log level set to [2]
[Package Manager] Server::EnsureServerProcessIsRunning -- launch failed, reason: Unity was launched with the -noUpm command-line argument
[Package Manager] UpmClient::Send -- Unable to send message (not connected to UPM process).
[Package Manager] Cannot connect to Unity Package Manager local server
[Package Manager] Server::EnsureServerProcessIsRunning -- launch failed, reason: Unity was launched with the -noUpm command-line argument
[Package Manager] UpmClient::Send -- Unable to send message (not connected to UPM process).
[Package Manager] Cannot connect to Unity Package Manager local server
System.Reflection.TargetInvocationException: Exception has been thrown by the target of an invocation. ---> System.NullReferenceException: Object reference not set to an instance of an object
  at Unity.XR.Oculus.OculusLoader.AssetPathToAbsolutePath (System.String assetPath) [0x0003d] in .\Library\PackageCache\com.unity.xr.oculus@4.1.1\Runtime\OculusLoader.cs:287 
  at Unity.XR.Oculus.OculusLoader.EditorLoadOVRPlugin () [0x00084] in .\Library\PackageCache\com.unity.xr.oculus@4.1.1\Runtime\OculusLoader.cs:272 
  at (wrapper managed-to-native) System.Reflection.RuntimeMethodInfo.InternalInvoke(System.Reflection.RuntimeMethodInfo,object,object[],System.Exception&)
  at System.Reflection.RuntimeMethodInfo.Invoke (System.Object obj, System.Reflection.BindingFlags invokeAttr, System.Reflection.Binder binder, System.Object[] parameters, System.Globalization.CultureInfo culture) [0x0006a] in <834b2ded5dad441e8c7a4287897d63c7>:0 
   --- End of inner exception stack trace ---
  at System.Reflection.RuntimeMethodInfo.Invoke (System.Object obj, System.Reflection.BindingFlags invokeAttr, System.Reflection.Binder binder, System.Object[] parameters, System.Globalization.CultureInfo culture) [0x00083] in <834b2ded5dad441e8c7a4287897d63c7>:0 
  at System.Reflection.MethodBase.Invoke (System.Object obj, System.Object[] parameters) [0x00000] in <834b2ded5dad441e8c7a4287897d63c7>:0 
  at UnityEditor.EditorAssemblies.ProcessInitializeOnLoadMethodAttributes () [0x000a5] in <9920ff0c944845d7b9f9a61ef1478edc>:0 
UnityEngine.StackTraceUtility:ExtractStackTrace ()
UnityEngine.DebugLogHandler:LogFormat (UnityEngine.LogType,UnityEngine.Object,string,object[])
UnityEngine.Logger:Log (UnityEngine.LogType,object)
UnityEngine.Debug:LogError (object)
UnityEditor.EditorAssemblies:ProcessInitializeOnLoadMethodAttributes ()

Mono: successfully reloaded assembly
[Package Manager] Server::EnsureServerProcessIsRunning -- launch failed, reason: Unity was launched with the -noUpm command-line argument
[Package Manager] UpmClient::Send -- Unable to send message (not connected to UPM process).
[Package Manager] Cannot connect to Unity Package Manager local server
[Package Manager] Server::EnsureServerProcessIsRunning -- launch failed, reason: Unity was launched with the -noUpm command-line argument
[Package Manager] UpmClient::Send -- Unable to send message (not connected to UPM process).
[Package Manager] Cannot connect to Unity Package Manager local server
- Finished resetting the current domain, in  1.137 seconds
Domain Reload Profiling: 4633ms
	BeginReloadAssembly (294ms)
		ExecutionOrderSort (0ms)
		DisableScriptedObjects (7ms)
		BackupInstance (0ms)
		ReleaseScriptingObjects (0ms)
		CreateAndSetChildDomain (69ms)
	RebuildCommonClasses (50ms)
	RebuildNativeTypeToScriptingClass (12ms)
	initialDomainReloadingComplete (73ms)
	LoadAllAssembliesAndSetupDomain (3068ms)
		LoadAssemblies (2804ms)
		RebuildTransferFunctionScriptingTraits (0ms)
		AnalyzeDomain (407ms)
			TypeCache.Refresh (370ms)
				TypeCache.ScanAssembly (306ms)
			ScanForSourceGeneratedMonoScriptInfo (24ms)
			ResolveRequiredComponents (11ms)
	FinalizeReload (1137ms)
		ReleaseScriptCaches (0ms)
		RebuildScriptCaches (0ms)
		SetupLoadedEditorAssemblies (899ms)
			LogAssemblyErrors (0ms)
			InitializePlatformSupportModulesInManaged (43ms)
			SetLoadedEditorAssemblies (5ms)
			RefreshPlugins (0ms)
			BeforeProcessingInitializeOnLoad (93ms)
			ProcessInitializeOnLoadAttributes (638ms)
			ProcessInitializeOnLoadMethodAttributes (95ms)
			AfterProcessingInitializeOnLoad (24ms)
			EditorAssembliesLoaded (0ms)
		ExecutionOrderSort2 (0ms)
		AwakeInstancesAfterBackupRestoration (11ms)
Launched and connected shader compiler UnityShaderCompiler.exe after 0.07 seconds
Refreshing native plugins compatible for Editor in 16.55 ms, found 12 plugins.
Preloading 1 native plugins for Editor in 0.78 ms.
Unloading 4056 Unused Serialized files (Serialized files now loaded: 0)
Unloading 82 unused Assets / (1.3 MB). Loaded Objects now: 4539.
Memory consumption went from 161.1 MB to 159.8 MB.
Total: 5.235300 ms (FindLiveObjects: 0.892400 ms CreateObjectMapping: 0.182800 ms MarkObjects: 3.668300 ms  DeleteObjects: 0.490400 ms)

AssetImportParameters requested are different than current active one (requested -> active):
  custom:container-demuxer-ogg: 62fdf1f143b41e24485cea50d1cbac27 -> 
  custom:video-decoder-ogg-theora: a1e56fd34408186e4bbccfd4996cb3dc -> 
  custom:framework-win-MediaFoundation: 216162199b28c13a410421893ffa2e32 -> 
  custom:CustomObjectIndexerAttribute: 756ad292c208cfabdd7b50bc23989ffe -> 
  custom:container-demuxer-webm: 4f35f7cbe854078d1ac9338744f61a02 -> 
  custom:container-muxer-webm: aa71ff27fc2769a1b78a27578f13a17b -> 
  custom:video-decoder-webm-vp8: 9c59270c3fd7afecdb556c50c9e8de78 -> 
  custom:SearchIndexIgnoredProperties: e643bd26f0fe6173181afceb89e7c659 -> 
  custom:AudioImporter_EditorPlatform: d09bf68614088b80899f8185d706f6e7 -> 
  custom:video-encoder-webm-vp8: eb34c28f22e8b96e1ab97ce403110664 -> 
  custom:audio-decoder-ogg-vorbis: bf7c407c2cedff20999df2af8eb42d56 -> 
  custom:audio-encoder-webm-vorbis: bf7c407c2cedff20999df2af8eb42d56 -> 
========================================================================
Received Import Request.
  Time since last request: 8979.729547 seconds.
  path: Assets/Assets/Downloaded
  artifactKey: Guid(7fc6198ca5efa344aa22a6dc3d302d50) Importer(815301076,1909f56bfc062723c751e8b465ee728b)
Start importing Assets/Assets/Downloaded using Guid(7fc6198ca5efa344aa22a6dc3d302d50) Importer(815301076,1909f56bfc062723c751e8b465ee728b)  -> (artifact id: 'd2c0f2889e1f00bee76850e54895c9d5') in 0.003227 seconds
Number of updated asset objects reloaded before import = 0
Number of asset objects unloaded after import = 0
========================================================================
Received Import Request.
  Time since last request: 7015.180130 seconds.
  path: Assets/Assets/Leseni.fbx
  artifactKey: Guid(3151570471389bd4c96370201174e696) Importer(815301076,1909f56bfc062723c751e8b465ee728b)
Start importing Assets/Assets/Leseni.fbx using Guid(3151570471389bd4c96370201174e696) Importer(815301076,1909f56bfc062723c751e8b465ee728b)  -> (artifact id: '611973b4c9cca632adea9fa5b2f8f076') in 0.961619 seconds
Number of updated asset objects reloaded before import = 0
Number of asset objects unloaded after import = 85
========================================================================
Received Import Request.
  Time since last request: 55.478768 seconds.
  path: Assets/Assets/Leseni.fbx
  artifactKey: Guid(3151570471389bd4c96370201174e696) Importer(815301076,1909f56bfc062723c751e8b465ee728b)
Start importing Assets/Assets/Leseni.fbx using Guid(3151570471389bd4c96370201174e696) Importer(815301076,1909f56bfc062723c751e8b465ee728b)  -> (artifact id: '8888534a5942ff5a22641ab6beaf634a') in 0.052444 seconds
Number of updated asset objects reloaded before import = 0
Number of asset objects unloaded after import = 10
========================================================================
Received Import Request.
  Time since last request: 20.979603 seconds.
  path: Assets/Assets/Leseni.fbx
  artifactKey: Guid(3151570471389bd4c96370201174e696) Importer(815301076,1909f56bfc062723c751e8b465ee728b)
Start importing Assets/Assets/Leseni.fbx using Guid(3151570471389bd4c96370201174e696) Importer(815301076,1909f56bfc062723c751e8b465ee728b)  -> (artifact id: 'f4c4b904c76c9325b36c8d49f0b72d1f') in 0.230455 seconds
Number of updated asset objects reloaded before import = 0
Number of asset objects unloaded after import = 84
========================================================================
Received Import Request.
  Time since last request: 52.160783 seconds.
  path: Assets/Assets/Leseni.fbx
  artifactKey: Guid(3151570471389bd4c96370201174e696) Importer(815301076,1909f56bfc062723c751e8b465ee728b)
Start importing Assets/Assets/Leseni.fbx using Guid(3151570471389bd4c96370201174e696) Importer(815301076,1909f56bfc062723c751e8b465ee728b)  -> (artifact id: '60183272fd82fea240cda16d5bde7634') in 0.307945 seconds
Number of updated asset objects reloaded before import = 0
Number of asset objects unloaded after import = 88
========================================================================
Received Import Request.
  Time since last request: 66.665328 seconds.
  path: Assets/Assets/Materials/Textures/Materials/gray-green_metal_rust.003 1.mat
  artifactKey: Guid(d98d9ce0716572b4d86e09580b33ee92) Importer(815301076,1909f56bfc062723c751e8b465ee728b)
Start importing Assets/Assets/Materials/Textures/Materials/gray-green_metal_rust.003 1.mat using Guid(d98d9ce0716572b4d86e09580b33ee92) Importer(815301076,1909f56bfc062723c751e8b465ee728b)  -> (artifact id: '3b5694426bcab4ff6b1e50fbcab856b8') in 0.026010 seconds
Number of updated asset objects reloaded before import = 0
Number of asset objects unloaded after import = 4
========================================================================
Received Import Request.
  Time since last request: 5.424140 seconds.
  path: Assets/Assets/Materials/Textures/Materials/gray-green_metal_rust.003 small.mat
  artifactKey: Guid(d98d9ce0716572b4d86e09580b33ee92) Importer(815301076,1909f56bfc062723c751e8b465ee728b)
Start importing Assets/Assets/Materials/Textures/Materials/gray-green_metal_rust.003 small.mat using Guid(d98d9ce0716572b4d86e09580b33ee92) Importer(815301076,1909f56bfc062723c751e8b465ee728b)  -> (artifact id: '1d3ae7c89b4a69988eac83979f061c5d') in 0.023411 seconds
Number of updated asset objects reloaded before import = 0
Number of asset objects unloaded after import = 4
========================================================================
Received Import Request.
  Time since last request: 82.756521 seconds.
  path: Assets/Assets/Leseni.fbx
  artifactKey: Guid(3151570471389bd4c96370201174e696) Importer(815301076,1909f56bfc062723c751e8b465ee728b)
Start importing Assets/Assets/Leseni.fbx using Guid(3151570471389bd4c96370201174e696) Importer(815301076,1909f56bfc062723c751e8b465ee728b)  -> (artifact id: 'd1cac485a301c437997113d8f28b1d56') in 0.170375 seconds
Number of updated asset objects reloaded before import = 0
Number of asset objects unloaded after import = 88
========================================================================
Received Import Request.
  Time since last request: 63.341845 seconds.
  path: Assets/Assets/Materials/Textures/Materials/orange-gray-green_metal_rust.003 small.mat
  artifactKey: Guid(d98d9ce0716572b4d86e09580b33ee92) Importer(815301076,1909f56bfc062723c751e8b465ee728b)
Start importing Assets/Assets/Materials/Textures/Materials/orange-gray-green_metal_rust.003 small.mat using Guid(d98d9ce0716572b4d86e09580b33ee92) Importer(815301076,1909f56bfc062723c751e8b465ee728b)  -> (artifact id: '9e0b769a272872fcbc4fa40049481003') in 0.020023 seconds
Number of updated asset objects reloaded before import = 0
Number of asset objects unloaded after import = 4
========================================================================
Received Import Request.
  Time since last request: 5.690548 seconds.
  path: Assets/Assets/Leseni.fbx
  artifactKey: Guid(3151570471389bd4c96370201174e696) Importer(815301076,1909f56bfc062723c751e8b465ee728b)
Start importing Assets/Assets/Leseni.fbx using Guid(3151570471389bd4c96370201174e696) Importer(815301076,1909f56bfc062723c751e8b465ee728b)  -> (artifact id: '6af956f771e74041175dc200459fc170') in 0.266225 seconds
Number of updated asset objects reloaded before import = 0
Number of asset objects unloaded after import = 88
========================================================================
Received Import Request.
  Time since last request: 348.115761 seconds.
  path: Assets/Assets/Materials/Textures/Materials/orange-gray-green_metal_rust.003 small.mat
  artifactKey: Guid(d98d9ce0716572b4d86e09580b33ee92) Importer(815301076,1909f56bfc062723c751e8b465ee728b)
Start importing Assets/Assets/Materials/Textures/Materials/orange-gray-green_metal_rust.003 small.mat using Guid(d98d9ce0716572b4d86e09580b33ee92) Importer(815301076,1909f56bfc062723c751e8b465ee728b)  -> (artifact id: '4ca834051208dcfb4ec005d33ad1bb06') in 0.037144 seconds
Number of updated asset objects reloaded before import = 0
Number of asset objects unloaded after import = 4
========================================================================
Received Import Request.
  Time since last request: 7999.585486 seconds.
  path: Assets/Assets/Leseni.fbx
  artifactKey: Guid(3151570471389bd4c96370201174e696) Importer(815301076,1909f56bfc062723c751e8b465ee728b)
Start importing Assets/Assets/Leseni.fbx using Guid(3151570471389bd4c96370201174e696) Importer(815301076,1909f56bfc062723c751e8b465ee728b)  -> (artifact id: 'd2d669881206897ab707d4ebd725b4ce') in 1.133095 seconds
Number of updated asset objects reloaded before import = 0
Number of asset objects unloaded after import = 88
========================================================================
Received Import Request.
  Time since last request: 28.549889 seconds.
  path: Assets/Assets/Downloaded/jacaranda_tree_1k.fbx
  artifactKey: Guid(6ddfad0cbc6800b4099a8419d4416823) Importer(815301076,1909f56bfc062723c751e8b465ee728b)
Start importing Assets/Assets/Downloaded/jacaranda_tree_1k.fbx using Guid(6ddfad0cbc6800b4099a8419d4416823) Importer(815301076,1909f56bfc062723c751e8b465ee728b)  -> (artifact id: '1db93175c868db6eb344c1bdf7e00340') in 0.181074 seconds
Number of updated asset objects reloaded before import = 0
Number of asset objects unloaded after import = 18
========================================================================
Received Import Request.
  Time since last request: 1.811094 seconds.
  path: Assets/Assets/Downloaded/jacaranda_tree_1k.fbx
  artifactKey: Guid(6ddfad0cbc6800b4099a8419d4416823) Importer(815301076,1909f56bfc062723c751e8b465ee728b)
Start importing Assets/Assets/Downloaded/jacaranda_tree_1k.fbx using Guid(6ddfad0cbc6800b4099a8419d4416823) Importer(815301076,1909f56bfc062723c751e8b465ee728b)  -> (artifact id: '5fc38fed7ccdf91217ea576144da70f6') in 0.091425 seconds
Number of updated asset objects reloaded before import = 0
Number of asset objects unloaded after import = 18
========================================================================
Received Import Request.
  Time since last request: 53.557556 seconds.
  path: Assets/Assets/Downloaded/textures
  artifactKey: Guid(61ffff880bfcf2043afefec786beb777) Importer(815301076,1909f56bfc062723c751e8b465ee728b)
Start importing Assets/Assets/Downloaded/textures using Guid(61ffff880bfcf2043afefec786beb777) Importer(815301076,1909f56bfc062723c751e8b465ee728b)  -> (artifact id: 'f6f21df49461f755a0b2cdaeeff8094d') in 0.000730 seconds
Number of updated asset objects reloaded before import = 0
Number of asset objects unloaded after import = 0
========================================================================
Received Import Request.
  Time since last request: 0.031333 seconds.
  path: Assets/Assets/Downloaded/textures/jacaranda_tree_branches_diff_1k.png
  artifactKey: Guid(d0d3186cdf41d434d89a12ec5fd3a299) Importer(815301076,1909f56bfc062723c751e8b465ee728b)
Start importing Assets/Assets/Downloaded/textures/jacaranda_tree_branches_diff_1k.png using Guid(d0d3186cdf41d434d89a12ec5fd3a299) Importer(815301076,1909f56bfc062723c751e8b465ee728b)  -> (artifact id: 'a7d67057fa5578a96b76bae7db045fc7') in 0.086952 seconds
Number of updated asset objects reloaded before import = 0
Number of asset objects unloaded after import = 2
========================================================================
Received Import Request.
  Time since last request: 0.000031 seconds.
  path: Assets/Assets/Downloaded/textures/jacaranda_tree_trunk_diff_1k.png
  artifactKey: Guid(fbb84233c740b194ba092b9633b9c524) Importer(815301076,1909f56bfc062723c751e8b465ee728b)
Start importing Assets/Assets/Downloaded/textures/jacaranda_tree_trunk_diff_1k.png using Guid(fbb84233c740b194ba092b9633b9c524) Importer(815301076,1909f56bfc062723c751e8b465ee728b)  -> (artifact id: '88fec2539075df703189397f66dc2fdf') in 0.027048 seconds
Number of updated asset objects reloaded before import = 0
Number of asset objects unloaded after import = 2
========================================================================
Received Import Request.
  Time since last request: 0.000107 seconds.
  path: Assets/Assets/Downloaded/textures/jacaranda_tree_trunk_nor_gl_1k.png
  artifactKey: Guid(323f3e9957b3a1145b1d0bab166a0965) Importer(815301076,1909f56bfc062723c751e8b465ee728b)
Start importing Assets/Assets/Downloaded/textures/jacaranda_tree_trunk_nor_gl_1k.png using Guid(323f3e9957b3a1145b1d0bab166a0965) Importer(815301076,1909f56bfc062723c751e8b465ee728b)  -> (artifact id: '14e7176303b189c7fa93a3ff5aede3cc') in 0.062582 seconds
Number of updated asset objects reloaded before import = 0
Number of asset objects unloaded after import = 2
========================================================================
Received Import Request.
  Time since last request: 0.000020 seconds.
  path: Assets/Assets/Downloaded/textures/jacaranda_tree_leaves_alpha_1k.png
  artifactKey: Guid(0631a56d5cacd81448474b09c46e7bd6) Importer(815301076,1909f56bfc062723c751e8b465ee728b)
Start importing Assets/Assets/Downloaded/textures/jacaranda_tree_leaves_alpha_1k.png using Guid(0631a56d5cacd81448474b09c46e7bd6) Importer(815301076,1909f56bfc062723c751e8b465ee728b)  -> (artifact id: '044ade8c376ef65d0f1ddb9da6e8858b') in 0.074443 seconds
Number of updated asset objects reloaded before import = 0
Number of asset objects unloaded after import = 2
========================================================================
Received Import Request.
  Time since last request: 0.000021 seconds.
  path: Assets/Assets/Downloaded/textures/jacaranda_tree_leaves_diff_1k.png
  artifactKey: Guid(3670e1fe6f6260f47bb45b090f1f557a) Importer(815301076,1909f56bfc062723c751e8b465ee728b)
Start importing Assets/Assets/Downloaded/textures/jacaranda_tree_leaves_diff_1k.png using Guid(3670e1fe6f6260f47bb45b090f1f557a) Importer(815301076,1909f56bfc062723c751e8b465ee728b)  -> (artifact id: 'b858c4b7fef68c778558759489db951f') in 0.034856 seconds
Number of updated asset objects reloaded before import = 0
Number of asset objects unloaded after import = 2
========================================================================
Received Import Request.
  Time since last request: 0.000043 seconds.
  path: Assets/Assets/Downloaded/textures/jacaranda_tree_branches_rough_1k.png
  artifactKey: Guid(466d955cd3d88724b9e43cd4a201ce12) Importer(815301076,1909f56bfc062723c751e8b465ee728b)
Start importing Assets/Assets/Downloaded/textures/jacaranda_tree_branches_rough_1k.png using Guid(466d955cd3d88724b9e43cd4a201ce12) Importer(815301076,1909f56bfc062723c751e8b465ee728b)  -> (artifact id: '899b43acb93de5785fa2d531db2b0b31') in 0.055738 seconds
Number of updated asset objects reloaded before import = 0
Number of asset objects unloaded after import = 2
========================================================================
Received Import Request.
  Time since last request: 12.227158 seconds.
  path: Assets/Assets/Downloaded/jacaranda_tree_1k.fbx
  artifactKey: Guid(6ddfad0cbc6800b4099a8419d4416823) Importer(815301076,1909f56bfc062723c751e8b465ee728b)
Start importing Assets/Assets/Downloaded/jacaranda_tree_1k.fbx using Guid(6ddfad0cbc6800b4099a8419d4416823) Importer(815301076,1909f56bfc062723c751e8b465ee728b)  -> (artifact id: '65b53a061c0907bfa34fb657bb3faa90') in 0.254058 seconds
Number of updated asset objects reloaded before import = 0
Number of asset objects unloaded after import = 18
========================================================================
Received Import Request.
  Time since last request: 0.561942 seconds.
  path: Assets/Assets/Downloaded/textures/jacaranda_tree_branches.mat
  artifactKey: Guid(f4da68de2bab7ee4ab789a7005485c35) Importer(815301076,1909f56bfc062723c751e8b465ee728b)
Start importing Assets/Assets/Downloaded/textures/jacaranda_tree_branches.mat using Guid(f4da68de2bab7ee4ab789a7005485c35) Importer(815301076,1909f56bfc062723c751e8b465ee728b)  -> (artifact id: '7b46e8fab0510204e493cbd31989867a') in 0.066746 seconds
Number of updated asset objects reloaded before import = 0
Number of asset objects unloaded after import = 3
========================================================================
Received Import Request.
  Time since last request: 240.285605 seconds.
  path: Assets/Assets/Downloaded/textures/jacaranda_tree_branches_nor_gl_4k.png
  artifactKey: Guid(764ed66d13bebb9478366721cdea6746) Importer(815301076,1909f56bfc062723c751e8b465ee728b)
Start importing Assets/Assets/Downloaded/textures/jacaranda_tree_branches_nor_gl_4k.png using Guid(764ed66d13bebb9478366721cdea6746) Importer(815301076,1909f56bfc062723c751e8b465ee728b)  -> (artifact id: '600a765d287c8728fd8a7096e1f7726c') in 0.034775 seconds
Number of updated asset objects reloaded before import = 0
Number of asset objects unloaded after import = 2
========================================================================
Received Import Request.
  Time since last request: 0.000032 seconds.
  path: Assets/Assets/Downloaded/textures/jacaranda_tree_trunk_rough_4k.png
  artifactKey: Guid(b8d8aa153c437054fa77da82b705f34a) Importer(815301076,1909f56bfc062723c751e8b465ee728b)
Start importing Assets/Assets/Downloaded/textures/jacaranda_tree_trunk_rough_4k.png using Guid(b8d8aa153c437054fa77da82b705f34a) Importer(815301076,1909f56bfc062723c751e8b465ee728b)  -> (artifact id: 'eb1e7e35d1cffa4c541a2fa144ed43cb') in 0.038211 seconds
Number of updated asset objects reloaded before import = 0
Number of asset objects unloaded after import = 2
========================================================================
Received Import Request.
  Time since last request: 0.000049 seconds.
  path: Assets/Assets/Downloaded/textures/jacaranda_tree_leaves_nor_gl_4k.png
  artifactKey: Guid(26f927c35c1c0f146918855819d94a2c) Importer(815301076,1909f56bfc062723c751e8b465ee728b)
Start importing Assets/Assets/Downloaded/textures/jacaranda_tree_leaves_nor_gl_4k.png using Guid(26f927c35c1c0f146918855819d94a2c) Importer(815301076,1909f56bfc062723c751e8b465ee728b)  -> (artifact id: 'c56a1f55f62d4a6a8c518405a61c75f0') in 0.060226 seconds
Number of updated asset objects reloaded before import = 0
Number of asset objects unloaded after import = 2
========================================================================
Received Import Request.
  Time since last request: 0.000016 seconds.
  path: Assets/Assets/Downloaded/textures/jacaranda_tree_leaves_rough_4k.png
  artifactKey: Guid(3c48c54b34a3cc845b9d864414f13147) Importer(815301076,1909f56bfc062723c751e8b465ee728b)
Start importing Assets/Assets/Downloaded/textures/jacaranda_tree_leaves_rough_4k.png using Guid(3c48c54b34a3cc845b9d864414f13147) Importer(815301076,1909f56bfc062723c751e8b465ee728b)  -> (artifact id: '1e23765c6b959642b7f274929607fcf6') in 0.034369 seconds
Number of updated asset objects reloaded before import = 0
Number of asset objects unloaded after import = 2
========================================================================
Received Import Request.
  Time since last request: 0.000023 seconds.
  path: Assets/Assets/Downloaded/textures/jacaranda_tree_trunk_nor_gl_4k.png
  artifactKey: Guid(892e85eca2674d940aa2dc1c3d823d0f) Importer(815301076,1909f56bfc062723c751e8b465ee728b)
Start importing Assets/Assets/Downloaded/textures/jacaranda_tree_trunk_nor_gl_4k.png using Guid(892e85eca2674d940aa2dc1c3d823d0f) Importer(815301076,1909f56bfc062723c751e8b465ee728b)  -> (artifact id: '4cb954043e251788062800f47c55423b') in 0.024616 seconds
Number of updated asset objects reloaded before import = 0
Number of asset objects unloaded after import = 2
========================================================================
Received Import Request.
  Time since last request: 0.000023 seconds.
  path: Assets/Assets/Downloaded/textures/jacaranda_tree_leaves_alpha_4k.png
  artifactKey: Guid(a957bf9a55ee91c46b52d2fd00cbb683) Importer(815301076,1909f56bfc062723c751e8b465ee728b)
Start importing Assets/Assets/Downloaded/textures/jacaranda_tree_leaves_alpha_4k.png using Guid(a957bf9a55ee91c46b52d2fd00cbb683) Importer(815301076,1909f56bfc062723c751e8b465ee728b)  -> (artifact id: '7200bffa76c028f48c86aa9d3fdf965d') in 0.027402 seconds
Number of updated asset objects reloaded before import = 0
Number of asset objects unloaded after import = 2
========================================================================
Received Import Request.
  Time since last request: 1245.902334 seconds.
  path: Assets/Assets/Downloaded/jacaranda_tree_1k.gltf
  artifactKey: Guid(c04c79ffa1040984f8c36def055ad040) Importer(815301076,1909f56bfc062723c751e8b465ee728b)
Start importing Assets/Assets/Downloaded/jacaranda_tree_1k.gltf using Guid(c04c79ffa1040984f8c36def055ad040) Importer(815301076,1909f56bfc062723c751e8b465ee728b)  -> (artifact id: '63b544ff8dd00cf07408d811665faad7') in 0.002851 seconds
Number of updated asset objects reloaded before import = 0
Number of asset objects unloaded after import = 1
========================================================================
Received Import Request.
  Time since last request: 22.741086 seconds.
  path: Assets/Assets/Downloaded/jacaranda_tree_1k.usdc
  artifactKey: Guid(2fa856bff5137b84081fb01df326af15) Importer(815301076,1909f56bfc062723c751e8b465ee728b)
Start importing Assets/Assets/Downloaded/jacaranda_tree_1k.usdc using Guid(2fa856bff5137b84081fb01df326af15) Importer(815301076,1909f56bfc062723c751e8b465ee728b)  -> (artifact id: '29d127dc1da5ad69ca256260f422251d') in 0.001913 seconds
Number of updated asset objects reloaded before import = 0
Number of asset objects unloaded after import = 1
========================================================================
Received Import Request.
  Time since last request: 1382.181208 seconds.
  path: Assets/Assets/Downloaded/jacaranda_tree_1k.fbx
  artifactKey: Guid(6ddfad0cbc6800b4099a8419d4416823) Importer(815301076,1909f56bfc062723c751e8b465ee728b)
Start importing Assets/Assets/Downloaded/jacaranda_tree_1k.fbx using Guid(6ddfad0cbc6800b4099a8419d4416823) Importer(815301076,1909f56bfc062723c751e8b465ee728b)  -> (artifact id: 'c0f7aea36d68a108eaf15f0d8f2f2ad2') in 0.291416 seconds
Number of updated asset objects reloaded before import = 0
Number of asset objects unloaded after import = 24
========================================================================
Received Import Request.
  Time since last request: 1.450709 seconds.
  path: Assets/Assets/Downloaded/jacaranda_tree_1k.fbx
  artifactKey: Guid(6ddfad0cbc6800b4099a8419d4416823) Importer(815301076,1909f56bfc062723c751e8b465ee728b)
Start importing Assets/Assets/Downloaded/jacaranda_tree_1k.fbx using Guid(6ddfad0cbc6800b4099a8419d4416823) Importer(815301076,1909f56bfc062723c751e8b465ee728b)  -> (artifact id: '24fd5673b992f8d4693cda904545c1be') in 0.123206 seconds
Number of updated asset objects reloaded before import = 0
Number of asset objects unloaded after import = 24
========================================================================
Received Import Request.
  Time since last request: 21.207877 seconds.
  path: Assets/Assets/Downloaded/textures/jacaranda_tree_leaves.mat
  artifactKey: Guid(7828cf095c53e1544a4b7e9ca9763e5e) Importer(815301076,1909f56bfc062723c751e8b465ee728b)
Start importing Assets/Assets/Downloaded/textures/jacaranda_tree_leaves.mat using Guid(7828cf095c53e1544a4b7e9ca9763e5e) Importer(815301076,1909f56bfc062723c751e8b465ee728b)  -> (artifact id: 'a940b69d7c43bef67b3e1d24cb69759a') in 0.009073 seconds
Number of updated asset objects reloaded before import = 0
Number of asset objects unloaded after import = 1
========================================================================
Received Import Request.
  Time since last request: 76.467848 seconds.
  path: Assets/Assets/Downloaded/textures/jacaranda_tree_leaves_nor_gl_1k.png
  artifactKey: Guid(a4995037c85aea047a6f8ba3bf73bf98) Importer(815301076,1909f56bfc062723c751e8b465ee728b)
Start importing Assets/Assets/Downloaded/textures/jacaranda_tree_leaves_nor_gl_1k.png using Guid(a4995037c85aea047a6f8ba3bf73bf98) Importer(815301076,1909f56bfc062723c751e8b465ee728b)  -> (artifact id: 'c15ecf7c5635a804e92541354eeae601') in 0.050845 seconds
Number of updated asset objects reloaded before import = 0
Number of asset objects unloaded after import = 2
========================================================================
Received Import Request.
  Time since last request: 66.661576 seconds.
  path: Assets/Assets/Downloaded/jacaranda_tree_1k.fbx
  artifactKey: Guid(6ddfad0cbc6800b4099a8419d4416823) Importer(815301076,1909f56bfc062723c751e8b465ee728b)
Start importing Assets/Assets/Downloaded/jacaranda_tree_1k.fbx using Guid(6ddfad0cbc6800b4099a8419d4416823) Importer(815301076,1909f56bfc062723c751e8b465ee728b)  -> (artifact id: '3f9be9676b6801465822736c5d4cfda6') in 0.186262 seconds
Number of updated asset objects reloaded before import = 0
Number of asset objects unloaded after import = 24
========================================================================
Received Import Request.
  Time since last request: 849.565360 seconds.
  path: Assets/Assets/Downloaded/textures/jacaranda_tree_leaves_diff_1k.png
  artifactKey: Guid(3670e1fe6f6260f47bb45b090f1f557a) Importer(815301076,1909f56bfc062723c751e8b465ee728b)
Start importing Assets/Assets/Downloaded/textures/jacaranda_tree_leaves_diff_1k.png using Guid(3670e1fe6f6260f47bb45b090f1f557a) Importer(815301076,1909f56bfc062723c751e8b465ee728b)  -> (artifact id: 'f6c0c853d0cc3c1c65b22635c61767fa') in 0.099114 seconds
Number of updated asset objects reloaded before import = 0
Number of asset objects unloaded after import = 2
========================================================================
Received Import Request.
  Time since last request: 181.864382 seconds.
  path: Assets/Assets/Downloaded/gray-green_metal_rust.003.mat
  artifactKey: Guid(cbfc0a83fb0e2844fafff2e731833a45) Importer(815301076,1909f56bfc062723c751e8b465ee728b)
Start importing Assets/Assets/Downloaded/gray-green_metal_rust.003.mat using Guid(cbfc0a83fb0e2844fafff2e731833a45) Importer(815301076,1909f56bfc062723c751e8b465ee728b)  -> (artifact id: 'a5794299574fe6a5844661c97a749f99') in 0.460669 seconds
Number of updated asset objects reloaded before import = 0
Number of asset objects unloaded after import = 4
========================================================================
Received Import Request.
  Time since last request: 7.981304 seconds.
  path: Assets/Assets/Downloaded/jacaranda_tree_1k
  artifactKey: Guid(61ffff880bfcf2043afefec786beb777) Importer(815301076,1909f56bfc062723c751e8b465ee728b)
Start importing Assets/Assets/Downloaded/jacaranda_tree_1k using Guid(61ffff880bfcf2043afefec786beb777) Importer(815301076,1909f56bfc062723c751e8b465ee728b)  -> (artifact id: 'e08695e0d9fde40ed8623ee914f958c1') in 0.000659 seconds
Number of updated asset objects reloaded before import = 0
Number of asset objects unloaded after import = 0
========================================================================
Received Import Request.
  Time since last request: 1169.085783 seconds.
  path: Assets/Assets/Downloaded/tree_small_02_1k.fbx
  artifactKey: Guid(163379f9e643b9e4e84f37bca54f0c79) Importer(815301076,1909f56bfc062723c751e8b465ee728b)
Start importing Assets/Assets/Downloaded/tree_small_02_1k.fbx using Guid(163379f9e643b9e4e84f37bca54f0c79) Importer(815301076,1909f56bfc062723c751e8b465ee728b)  -> (artifact id: 'fb0f0e8c31f789e4004f9128930f97ce') in 0.273924 seconds
Number of updated asset objects reloaded before import = 0
Number of asset objects unloaded after import = 26
========================================================================
Received Import Request.
  Time since last request: 30.337215 seconds.
  path: Assets/Assets/Downloaded/tree_small_02_1k.fbx
  artifactKey: Guid(163379f9e643b9e4e84f37bca54f0c79) Importer(815301076,1909f56bfc062723c751e8b465ee728b)
Start importing Assets/Assets/Downloaded/tree_small_02_1k.fbx using Guid(163379f9e643b9e4e84f37bca54f0c79) Importer(815301076,1909f56bfc062723c751e8b465ee728b)  -> (artifact id: 'd8a74d88e1fa3972e35a851d118b3883') in 0.294874 seconds
Number of updated asset objects reloaded before import = 0
Number of asset objects unloaded after import = 26
========================================================================
Received Import Request.
  Time since last request: 1.848218 seconds.
  path: Assets/Assets/Downloaded/tree_small_02_1k.fbx
  artifactKey: Guid(163379f9e643b9e4e84f37bca54f0c79) Importer(815301076,1909f56bfc062723c751e8b465ee728b)
Start importing Assets/Assets/Downloaded/tree_small_02_1k.fbx using Guid(163379f9e643b9e4e84f37bca54f0c79) Importer(815301076,1909f56bfc062723c751e8b465ee728b)  -> (artifact id: '5b514d7d9aa5de6733023e17a8f49286') in 0.179365 seconds
Number of updated asset objects reloaded before import = 0
Number of asset objects unloaded after import = 26
========================================================================
Received Import Request.
  Time since last request: 0.353099 seconds.
  path: Assets/Assets/Downloaded/tree_small_02_1k
  artifactKey: Guid(7eb6cbc523b0b5442ad1348e1255cd30) Importer(815301076,1909f56bfc062723c751e8b465ee728b)
Start importing Assets/Assets/Downloaded/tree_small_02_1k using Guid(7eb6cbc523b0b5442ad1348e1255cd30) Importer(815301076,1909f56bfc062723c751e8b465ee728b)  -> (artifact id: '8de32e4ae37214f970003762b205bdb2') in 0.000906 seconds
Number of updated asset objects reloaded before import = 0
Number of asset objects unloaded after import = 0
========================================================================
Received Import Request.
  Time since last request: 0.073068 seconds.
  path: Assets/Assets/Downloaded/tree_small_02_1k/tree_small_02.mat
  artifactKey: Guid(7220450b85334204c9ad2a97ceea8465) Importer(815301076,1909f56bfc062723c751e8b465ee728b)
Start importing Assets/Assets/Downloaded/tree_small_02_1k/tree_small_02.mat using Guid(7220450b85334204c9ad2a97ceea8465) Importer(815301076,1909f56bfc062723c751e8b465ee728b)  -> (artifact id: '95a3b8aca7aa8af3b2e6fd5b72f7b53a') in 0.008796 seconds
Number of updated asset objects reloaded before import = 0
Number of asset objects unloaded after import = 3
========================================================================
Received Import Request.
  Time since last request: 0.108384 seconds.
  path: Assets/Assets/Downloaded/tree_small_02_1k/tree_small_02_branch_nor_gl_1k.png
  artifactKey: Guid(1624ffd11474bf14c815e22c7d379fca) Importer(815301076,1909f56bfc062723c751e8b465ee728b)
Start importing Assets/Assets/Downloaded/tree_small_02_1k/tree_small_02_branch_nor_gl_1k.png using Guid(1624ffd11474bf14c815e22c7d379fca) Importer(815301076,1909f56bfc062723c751e8b465ee728b)  -> (artifact id: 'a1f052bc1eedfead25465cfc71a1475f') in 0.041877 seconds
Number of updated asset objects reloaded before import = 0
Number of asset objects unloaded after import = 2
========================================================================
Received Import Request.
  Time since last request: 0.000024 seconds.
  path: Assets/Assets/Downloaded/tree_small_02_1k/tree_small_02_leaves_nor_gl_1k.png
  artifactKey: Guid(3bd667f5d440a2b43af93550db813c4b) Importer(815301076,1909f56bfc062723c751e8b465ee728b)
Start importing Assets/Assets/Downloaded/tree_small_02_1k/tree_small_02_leaves_nor_gl_1k.png using Guid(3bd667f5d440a2b43af93550db813c4b) Importer(815301076,1909f56bfc062723c751e8b465ee728b)  -> (artifact id: '38da64601755fac047ea627d70d28ee0') in 0.029021 seconds
Number of updated asset objects reloaded before import = 0
Number of asset objects unloaded after import = 2
========================================================================
Received Import Request.
  Time since last request: 0.000028 seconds.
  path: Assets/Assets/Downloaded/tree_small_02_1k/tree_small_02_rough_1k.exr
  artifactKey: Guid(5d2fd6c56802e194e8e795ea94e855a5) Importer(815301076,1909f56bfc062723c751e8b465ee728b)
Start importing Assets/Assets/Downloaded/tree_small_02_1k/tree_small_02_rough_1k.exr using Guid(5d2fd6c56802e194e8e795ea94e855a5) Importer(815301076,1909f56bfc062723c751e8b465ee728b)  -> (artifact id: '151824001506586cc7d2205977ae3263') in 0.033193 seconds
Number of updated asset objects reloaded before import = 0
Number of asset objects unloaded after import = 2
========================================================================
Received Import Request.
  Time since last request: 0.000034 seconds.
  path: Assets/Assets/Downloaded/tree_small_02_1k/tree_small_02_nor_gl_1k.exr
  artifactKey: Guid(81a699b93dffb2441a0c65fd1c94d74a) Importer(815301076,1909f56bfc062723c751e8b465ee728b)
Start importing Assets/Assets/Downloaded/tree_small_02_1k/tree_small_02_nor_gl_1k.exr using Guid(81a699b93dffb2441a0c65fd1c94d74a) Importer(815301076,1909f56bfc062723c751e8b465ee728b)  -> (artifact id: '7faba2ea60c03e417ccaa55f8a90f99c') in 0.028636 seconds
Number of updated asset objects reloaded before import = 0
Number of asset objects unloaded after import = 2
========================================================================
Received Import Request.
  Time since last request: 0.000031 seconds.
  path: Assets/Assets/Downloaded/tree_small_02_1k/tree_small_02_diff_1k.jpg
  artifactKey: Guid(48fc8d5c88c922243a5b759d5b230a3e) Importer(815301076,1909f56bfc062723c751e8b465ee728b)
Start importing Assets/Assets/Downloaded/tree_small_02_1k/tree_small_02_diff_1k.jpg using Guid(48fc8d5c88c922243a5b759d5b230a3e) Importer(815301076,1909f56bfc062723c751e8b465ee728b)  -> (artifact id: '99bbe7345efe063f30834a459656d511') in 0.031170 seconds
Number of updated asset objects reloaded before import = 0
Number of asset objects unloaded after import = 2
========================================================================
Received Import Request.
  Time since last request: 0.000026 seconds.
  path: Assets/Assets/Downloaded/tree_small_02_1k/tree_small_02_leaves.mat
  artifactKey: Guid(17fd2e22ed2faf041b2a51c3aa1353c6) Importer(815301076,1909f56bfc062723c751e8b465ee728b)
Start importing Assets/Assets/Downloaded/tree_small_02_1k/tree_small_02_leaves.mat using Guid(17fd2e22ed2faf041b2a51c3aa1353c6) Importer(815301076,1909f56bfc062723c751e8b465ee728b)  -> (artifact id: 'a57d282e5d103e8c5ec69334a93f442e') in 0.007902 seconds
Number of updated asset objects reloaded before import = 0
Number of asset objects unloaded after import = 1
========================================================================
Received Import Request.
  Time since last request: 0.000023 seconds.
  path: Assets/Assets/Downloaded/tree_small_02_1k/tree_small_02_leaves_rough_1k.png
  artifactKey: Guid(8a8fb0d751655bb479a892f9f1fb65de) Importer(815301076,1909f56bfc062723c751e8b465ee728b)
Start importing Assets/Assets/Downloaded/tree_small_02_1k/tree_small_02_leaves_rough_1k.png using Guid(8a8fb0d751655bb479a892f9f1fb65de) Importer(815301076,1909f56bfc062723c751e8b465ee728b)  -> (artifact id: '17f52d39623ec75966e577f0bbcafe2f') in 0.027257 seconds
Number of updated asset objects reloaded before import = 0
Number of asset objects unloaded after import = 2
========================================================================
Received Import Request.
  Time since last request: 0.000028 seconds.
  path: Assets/Assets/Downloaded/tree_small_02_1k/tree_small_02_leaves_diff_1k.png
  artifactKey: Guid(5900fdfc5f0a2b04ab621e3b358d40f6) Importer(815301076,1909f56bfc062723c751e8b465ee728b)
Start importing Assets/Assets/Downloaded/tree_small_02_1k/tree_small_02_leaves_diff_1k.png using Guid(5900fdfc5f0a2b04ab621e3b358d40f6) Importer(815301076,1909f56bfc062723c751e8b465ee728b)  -> (artifact id: '083a66e8465433eb5d407c83acc0aae2') in 0.027923 seconds
Number of updated asset objects reloaded before import = 0
Number of asset objects unloaded after import = 2
========================================================================
Received Import Request.
  Time since last request: 0.000037 seconds.
  path: Assets/Assets/Downloaded/tree_small_02_1k/tree_small_02_branch_rough_1k.png
  artifactKey: Guid(7d8e46ba3a7a79c47b70ccd17ee8acd9) Importer(815301076,1909f56bfc062723c751e8b465ee728b)
Start importing Assets/Assets/Downloaded/tree_small_02_1k/tree_small_02_branch_rough_1k.png using Guid(7d8e46ba3a7a79c47b70ccd17ee8acd9) Importer(815301076,1909f56bfc062723c751e8b465ee728b)  -> (artifact id: '7a1bd29170eaac07c90c57365f640291') in 0.032327 seconds
Number of updated asset objects reloaded before import = 0
Number of asset objects unloaded after import = 2
========================================================================
Received Import Request.
  Time since last request: 12.123274 seconds.
  path: Assets/Assets/Downloaded/tree_small_02_1k/tree_small_02_leaves_nor_gl_1k.png
  artifactKey: Guid(3bd667f5d440a2b43af93550db813c4b) Importer(815301076,1909f56bfc062723c751e8b465ee728b)
Start importing Assets/Assets/Downloaded/tree_small_02_1k/tree_small_02_leaves_nor_gl_1k.png using Guid(3bd667f5d440a2b43af93550db813c4b) Importer(815301076,1909f56bfc062723c751e8b465ee728b)  -> (artifact id: '872c8daa77d3a656152ad52f40510194') in 0.068749 seconds
Number of updated asset objects reloaded before import = 0
Number of asset objects unloaded after import = 2
========================================================================
Received Import Request.
  Time since last request: 59.300744 seconds.
  path: Assets/Assets/Downloaded/jacaranda_tree_1k/jacaranda_tree_leaves.mat
  artifactKey: Guid(7828cf095c53e1544a4b7e9ca9763e5e) Importer(815301076,1909f56bfc062723c751e8b465ee728b)
Start importing Assets/Assets/Downloaded/jacaranda_tree_1k/jacaranda_tree_leaves.mat using Guid(7828cf095c53e1544a4b7e9ca9763e5e) Importer(815301076,1909f56bfc062723c751e8b465ee728b)  -> (artifact id: '0dcde5d4224b6671756f1704ee8d4c61') in 0.270143 seconds
Number of updated asset objects reloaded before import = 0
Number of asset objects unloaded after import = 4
========================================================================
Received Import Request.
  Time since last request: 0.000022 seconds.
  path: Assets/Assets/Downloaded/jacaranda_tree_1k/jacaranda_tree_trunk.mat
  artifactKey: Guid(85230096dd2a87145bacb3857a9aa02a) Importer(815301076,1909f56bfc062723c751e8b465ee728b)
Start importing Assets/Assets/Downloaded/jacaranda_tree_1k/jacaranda_tree_trunk.mat using Guid(85230096dd2a87145bacb3857a9aa02a) Importer(815301076,1909f56bfc062723c751e8b465ee728b)  -> (artifact id: '02a48e2c9afed17e4c9a41de39224eca') in 0.146106 seconds
Number of updated asset objects reloaded before import = 0
Number of asset objects unloaded after import = 5
========================================================================
Received Import Request.
  Time since last request: 82.499814 seconds.
  path: Assets/Assets/Downloaded/tree_small_02_1k/tree_small_02_branches.mat
  artifactKey: Guid(dbf372938abe0d24bbd55de763949b61) Importer(815301076,1909f56bfc062723c751e8b465ee728b)
Start importing Assets/Assets/Downloaded/tree_small_02_1k/tree_small_02_branches.mat using Guid(dbf372938abe0d24bbd55de763949b61) Importer(815301076,1909f56bfc062723c751e8b465ee728b)  -> (artifact id: '82d5a20cdd88a996148f4d98d64a189d') in 0.015884 seconds
Number of updated asset objects reloaded before import = 0
Number of asset objects unloaded after import = 5
========================================================================
Received Import Request.
  Time since last request: 0.000018 seconds.
  path: Assets/Assets/Downloaded/tree_small_02_1k/tree_small_02_leaves.mat
  artifactKey: Guid(17fd2e22ed2faf041b2a51c3aa1353c6) Importer(815301076,1909f56bfc062723c751e8b465ee728b)
Start importing Assets/Assets/Downloaded/tree_small_02_1k/tree_small_02_leaves.mat using Guid(17fd2e22ed2faf041b2a51c3aa1353c6) Importer(815301076,1909f56bfc062723c751e8b465ee728b)  -> (artifact id: 'f444b1ee7c5d4d8352a29a333ee6eed4') in 0.012508 seconds
Number of updated asset objects reloaded before import = 0
Number of asset objects unloaded after import = 4
